2021-03-05 17:03:54.690 [main] INFO  io.github.axiuf.eduservice.EduApplication - Starting EduApplication using Java 1.8.0_281 on DESKTOP-TV47HNP with PID 17340 (C:\Users\axiuf\Desktop\learn_java\Project_Online_Education\yixue_parent\service\service_edu\target\classes started by axiuf in C:\Users\axiuf\Desktop\learn_java\Project_Online_Education\yixue_parent)
2021-03-05 17:03:54.693 [main] INFO  io.github.axiuf.eduservice.EduApplication - The following profiles are active: dev
2021-03-05 17:03:55.251 [main] INFO  o.s.d.r.config.RepositoryConfigurationDelegate - Multiple Spring Data modules found, entering strict repository configuration mode!
2021-03-05 17:03:55.252 [main] INFO  o.s.d.r.config.RepositoryConfigurationDelegate - Bootstrapping Spring Data Redis repositories in DEFAULT mode.
2021-03-05 17:03:55.266 [main] INFO  o.s.d.r.config.RepositoryConfigurationDelegate - Finished Spring Data repository scanning in 5 ms. Found 0 Redis repository interfaces.
2021-03-05 17:03:55.569 [main] INFO  o.s.boot.web.embedded.tomcat.TomcatWebServer - Tomcat initialized with port(s): 8001 (http)
2021-03-05 17:03:55.576 [main] INFO  org.apache.coyote.http11.Http11NioProtocol - Initializing ProtocolHandler ["http-nio-8001"]
2021-03-05 17:03:55.576 [main] INFO  org.apache.catalina.core.StandardService - Starting service [Tomcat]
2021-03-05 17:03:55.576 [main] INFO  org.apache.catalina.core.StandardEngine - Starting Servlet engine: [Apache Tomcat/9.0.43]
2021-03-05 17:03:55.577 [main] INFO  org.apache.catalina.core.AprLifecycleListener - Loaded Apache Tomcat Native library [1.2.26] using APR version [1.7.0].
2021-03-05 17:03:55.577 [main] INFO  org.apache.catalina.core.AprLifecycleListener - APR capabilities: IPv6 [true], sendfile [true], accept filters [false], random [true].
2021-03-05 17:03:55.578 [main] INFO  org.apache.catalina.core.AprLifecycleListener - APR/OpenSSL configuration: useAprConnector [false], useOpenSSL [true]
2021-03-05 17:03:55.579 [main] INFO  org.apache.catalina.core.AprLifecycleListener - OpenSSL successfully initialized [OpenSSL 1.1.1i  8 Dec 2020]
2021-03-05 17:03:55.635 [main] INFO  o.a.c.core.ContainerBase.[Tomcat].[localhost].[/] - Initializing Spring embedded WebApplicationContext
2021-03-05 17:03:55.635 [main] INFO  o.s.b.w.s.c.ServletWebServerApplicationContext - Root WebApplicationContext: initialization completed in 910 ms
2021-03-05 17:03:55.757 [main] INFO  com.zaxxer.hikari.HikariDataSource - HikariPool-1 - Starting...
2021-03-05 17:03:56.108 [main] INFO  com.zaxxer.hikari.HikariDataSource - HikariPool-1 - Start completed.
2021-03-05 17:03:56.390 [main] INFO  s.d.s.w.PropertySourcedRequestMappingHandlerMapping - Mapped URL path [/v2/api-docs] onto method [springfox.documentation.swagger2.web.Swagger2Controller#getDocumentation(String, HttpServletRequest)]
2021-03-05 17:03:56.443 [main] INFO  o.s.scheduling.concurrent.ThreadPoolTaskExecutor - Initializing ExecutorService 'applicationTaskExecutor'
2021-03-05 17:03:56.732 [main] INFO  org.apache.coyote.http11.Http11NioProtocol - Starting ProtocolHandler ["http-nio-8001"]
2021-03-05 17:03:56.750 [main] INFO  o.s.boot.web.embedded.tomcat.TomcatWebServer - Tomcat started on port(s): 8001 (http) with context path ''
2021-03-05 17:03:56.751 [main] INFO  s.d.s.web.plugins.DocumentationPluginsBootstrapper - Context refreshed
2021-03-05 17:03:56.761 [main] INFO  s.d.s.web.plugins.DocumentationPluginsBootstrapper - Found 1 custom documentation plugin(s)
2021-03-05 17:03:56.782 [main] INFO  s.d.spring.web.scanners.ApiListingReferenceScanner - Scanning for api listing references
2021-03-05 17:03:56.883 [main] INFO  io.github.axiuf.eduservice.EduApplication - Started EduApplication in 2.51 seconds (JVM running for 2.984)
2021-03-05 17:03:58.994 [http-nio-8001-exec-1] INFO  o.a.c.core.ContainerBase.[Tomcat].[localhost].[/] - Initializing Spring DispatcherServlet 'dispatcherServlet'
2021-03-05 17:03:58.995 [http-nio-8001-exec-1] INFO  org.springframework.web.servlet.DispatcherServlet - Initializing Servlet 'dispatcherServlet'
2021-03-05 17:03:58.996 [http-nio-8001-exec-1] INFO  org.springframework.web.servlet.DispatcherServlet - Completed initialization in 1 ms
2021-03-05 17:06:59.709 [main] INFO  io.github.axiuf.eduservice.EduApplication - Starting EduApplication using Java 1.8.0_281 on DESKTOP-TV47HNP with PID 12136 (C:\Users\axiuf\Desktop\learn_java\Project_Online_Education\yixue_parent\service\service_edu\target\classes started by axiuf in C:\Users\axiuf\Desktop\learn_java\Project_Online_Education\yixue_parent)
2021-03-05 17:06:59.711 [main] INFO  io.github.axiuf.eduservice.EduApplication - The following profiles are active: dev
2021-03-05 17:07:00.252 [main] INFO  o.s.d.r.config.RepositoryConfigurationDelegate - Multiple Spring Data modules found, entering strict repository configuration mode!
2021-03-05 17:07:00.254 [main] INFO  o.s.d.r.config.RepositoryConfigurationDelegate - Bootstrapping Spring Data Redis repositories in DEFAULT mode.
2021-03-05 17:07:00.267 [main] INFO  o.s.d.r.config.RepositoryConfigurationDelegate - Finished Spring Data repository scanning in 5 ms. Found 0 Redis repository interfaces.
2021-03-05 17:07:00.568 [main] INFO  o.s.boot.web.embedded.tomcat.TomcatWebServer - Tomcat initialized with port(s): 8001 (http)
2021-03-05 17:07:00.575 [main] INFO  org.apache.coyote.http11.Http11NioProtocol - Initializing ProtocolHandler ["http-nio-8001"]
2021-03-05 17:07:00.575 [main] INFO  org.apache.catalina.core.StandardService - Starting service [Tomcat]
2021-03-05 17:07:00.575 [main] INFO  org.apache.catalina.core.StandardEngine - Starting Servlet engine: [Apache Tomcat/9.0.43]
2021-03-05 17:07:00.576 [main] INFO  org.apache.catalina.core.AprLifecycleListener - Loaded Apache Tomcat Native library [1.2.26] using APR version [1.7.0].
2021-03-05 17:07:00.577 [main] INFO  org.apache.catalina.core.AprLifecycleListener - APR capabilities: IPv6 [true], sendfile [true], accept filters [false], random [true].
2021-03-05 17:07:00.577 [main] INFO  org.apache.catalina.core.AprLifecycleListener - APR/OpenSSL configuration: useAprConnector [false], useOpenSSL [true]
2021-03-05 17:07:00.579 [main] INFO  org.apache.catalina.core.AprLifecycleListener - OpenSSL successfully initialized [OpenSSL 1.1.1i  8 Dec 2020]
2021-03-05 17:07:00.634 [main] INFO  o.a.c.core.ContainerBase.[Tomcat].[localhost].[/] - Initializing Spring embedded WebApplicationContext
2021-03-05 17:07:00.634 [main] INFO  o.s.b.w.s.c.ServletWebServerApplicationContext - Root WebApplicationContext: initialization completed in 888 ms
2021-03-05 17:07:00.754 [main] INFO  com.zaxxer.hikari.HikariDataSource - HikariPool-1 - Starting...
2021-03-05 17:07:01.131 [main] INFO  com.zaxxer.hikari.HikariDataSource - HikariPool-1 - Start completed.
2021-03-05 17:07:01.415 [main] INFO  s.d.s.w.PropertySourcedRequestMappingHandlerMapping - Mapped URL path [/v2/api-docs] onto method [springfox.documentation.swagger2.web.Swagger2Controller#getDocumentation(String, HttpServletRequest)]
2021-03-05 17:07:01.467 [main] INFO  o.s.scheduling.concurrent.ThreadPoolTaskExecutor - Initializing ExecutorService 'applicationTaskExecutor'
2021-03-05 17:07:01.784 [main] INFO  org.apache.coyote.http11.Http11NioProtocol - Starting ProtocolHandler ["http-nio-8001"]
2021-03-05 17:07:01.808 [main] INFO  o.s.boot.web.embedded.tomcat.TomcatWebServer - Tomcat started on port(s): 8001 (http) with context path ''
2021-03-05 17:07:01.810 [main] INFO  s.d.s.web.plugins.DocumentationPluginsBootstrapper - Context refreshed
2021-03-05 17:07:01.824 [main] INFO  s.d.s.web.plugins.DocumentationPluginsBootstrapper - Found 1 custom documentation plugin(s)
2021-03-05 17:07:01.847 [main] INFO  s.d.spring.web.scanners.ApiListingReferenceScanner - Scanning for api listing references
2021-03-05 17:07:01.997 [main] INFO  io.github.axiuf.eduservice.EduApplication - Started EduApplication in 2.614 seconds (JVM running for 3.114)
2021-03-05 19:04:14.297 [http-nio-8001-exec-1] INFO  o.a.c.core.ContainerBase.[Tomcat].[localhost].[/] - Initializing Spring DispatcherServlet 'dispatcherServlet'
2021-03-05 19:04:14.299 [http-nio-8001-exec-1] INFO  org.springframework.web.servlet.DispatcherServlet - Initializing Servlet 'dispatcherServlet'
2021-03-05 19:04:14.311 [http-nio-8001-exec-1] INFO  org.springframework.web.servlet.DispatcherServlet - Completed initialization in 12 ms
2021-03-05 20:00:45.555 [main] INFO  io.github.axiuf.eduservice.EduApplication - Starting EduApplication using Java 1.8.0_281 on DESKTOP-TV47HNP with PID 11632 (C:\Users\axiuf\Desktop\learn_java\Project_Online_Education\yixue_parent\service\service_edu\target\classes started by axiuf in C:\Users\axiuf\Desktop\learn_java\Project_Online_Education\yixue_parent)
2021-03-05 20:00:45.558 [main] INFO  io.github.axiuf.eduservice.EduApplication - The following profiles are active: dev
2021-03-05 20:00:46.102 [main] INFO  o.s.d.r.config.RepositoryConfigurationDelegate - Multiple Spring Data modules found, entering strict repository configuration mode!
2021-03-05 20:00:46.104 [main] INFO  o.s.d.r.config.RepositoryConfigurationDelegate - Bootstrapping Spring Data Redis repositories in DEFAULT mode.
2021-03-05 20:00:46.118 [main] INFO  o.s.d.r.config.RepositoryConfigurationDelegate - Finished Spring Data repository scanning in 5 ms. Found 0 Redis repository interfaces.
2021-03-05 20:00:46.430 [main] INFO  o.s.boot.web.embedded.tomcat.TomcatWebServer - Tomcat initialized with port(s): 8001 (http)
2021-03-05 20:00:46.437 [main] INFO  org.apache.coyote.http11.Http11NioProtocol - Initializing ProtocolHandler ["http-nio-8001"]
2021-03-05 20:00:46.438 [main] INFO  org.apache.catalina.core.StandardService - Starting service [Tomcat]
2021-03-05 20:00:46.438 [main] INFO  org.apache.catalina.core.StandardEngine - Starting Servlet engine: [Apache Tomcat/9.0.43]
2021-03-05 20:00:46.439 [main] INFO  org.apache.catalina.core.AprLifecycleListener - Loaded Apache Tomcat Native library [1.2.26] using APR version [1.7.0].
2021-03-05 20:00:46.439 [main] INFO  org.apache.catalina.core.AprLifecycleListener - APR capabilities: IPv6 [true], sendfile [true], accept filters [false], random [true].
2021-03-05 20:00:46.440 [main] INFO  org.apache.catalina.core.AprLifecycleListener - APR/OpenSSL configuration: useAprConnector [false], useOpenSSL [true]
2021-03-05 20:00:46.442 [main] INFO  org.apache.catalina.core.AprLifecycleListener - OpenSSL successfully initialized [OpenSSL 1.1.1i  8 Dec 2020]
2021-03-05 20:00:46.501 [main] INFO  o.a.c.core.ContainerBase.[Tomcat].[localhost].[/] - Initializing Spring embedded WebApplicationContext
2021-03-05 20:00:46.501 [main] INFO  o.s.b.w.s.c.ServletWebServerApplicationContext - Root WebApplicationContext: initialization completed in 912 ms
2021-03-05 20:00:46.643 [main] INFO  com.zaxxer.hikari.HikariDataSource - HikariPool-1 - Starting...
2021-03-05 20:00:47.039 [main] INFO  com.zaxxer.hikari.HikariDataSource - HikariPool-1 - Start completed.
2021-03-05 20:00:47.364 [main] INFO  s.d.s.w.PropertySourcedRequestMappingHandlerMapping - Mapped URL path [/v2/api-docs] onto method [springfox.documentation.swagger2.web.Swagger2Controller#getDocumentation(String, HttpServletRequest)]
2021-03-05 20:00:47.434 [main] INFO  o.s.scheduling.concurrent.ThreadPoolTaskExecutor - Initializing ExecutorService 'applicationTaskExecutor'
2021-03-05 20:00:47.752 [main] INFO  org.apache.coyote.http11.Http11NioProtocol - Starting ProtocolHandler ["http-nio-8001"]
2021-03-05 20:00:47.763 [main] INFO  o.s.boot.web.embedded.tomcat.TomcatWebServer - Tomcat started on port(s): 8001 (http) with context path ''
2021-03-05 20:00:47.764 [main] INFO  s.d.s.web.plugins.DocumentationPluginsBootstrapper - Context refreshed
2021-03-05 20:00:47.776 [main] INFO  s.d.s.web.plugins.DocumentationPluginsBootstrapper - Found 1 custom documentation plugin(s)
2021-03-05 20:00:47.807 [main] INFO  s.d.spring.web.scanners.ApiListingReferenceScanner - Scanning for api listing references
2021-03-05 20:00:47.915 [main] INFO  io.github.axiuf.eduservice.EduApplication - Started EduApplication in 2.738 seconds (JVM running for 3.283)
2021-03-05 20:37:07.383 [main] INFO  io.github.axiuf.eduservice.EduApplication - Starting EduApplication using Java 1.8.0_281 on DESKTOP-TV47HNP with PID 7880 (C:\Users\axiuf\Desktop\learn_java\Project_Online_Education\yixue_parent\service\service_edu\target\classes started by axiuf in C:\Users\axiuf\Desktop\learn_java\Project_Online_Education\yixue_parent)
2021-03-05 20:37:07.385 [main] INFO  io.github.axiuf.eduservice.EduApplication - The following profiles are active: dev
2021-03-05 20:37:07.951 [main] INFO  o.s.d.r.config.RepositoryConfigurationDelegate - Multiple Spring Data modules found, entering strict repository configuration mode!
2021-03-05 20:37:07.952 [main] INFO  o.s.d.r.config.RepositoryConfigurationDelegate - Bootstrapping Spring Data Redis repositories in DEFAULT mode.
2021-03-05 20:37:07.967 [main] INFO  o.s.d.r.config.RepositoryConfigurationDelegate - Finished Spring Data repository scanning in 5 ms. Found 0 Redis repository interfaces.
2021-03-05 20:37:08.276 [main] INFO  o.s.boot.web.embedded.tomcat.TomcatWebServer - Tomcat initialized with port(s): 8001 (http)
2021-03-05 20:37:08.282 [main] INFO  org.apache.coyote.http11.Http11NioProtocol - Initializing ProtocolHandler ["http-nio-8001"]
2021-03-05 20:37:08.282 [main] INFO  org.apache.catalina.core.StandardService - Starting service [Tomcat]
2021-03-05 20:37:08.282 [main] INFO  org.apache.catalina.core.StandardEngine - Starting Servlet engine: [Apache Tomcat/9.0.43]
2021-03-05 20:37:08.283 [main] INFO  org.apache.catalina.core.AprLifecycleListener - Loaded Apache Tomcat Native library [1.2.26] using APR version [1.7.0].
2021-03-05 20:37:08.284 [main] INFO  org.apache.catalina.core.AprLifecycleListener - APR capabilities: IPv6 [true], sendfile [true], accept filters [false], random [true].
2021-03-05 20:37:08.284 [main] INFO  org.apache.catalina.core.AprLifecycleListener - APR/OpenSSL configuration: useAprConnector [false], useOpenSSL [true]
2021-03-05 20:37:08.286 [main] INFO  org.apache.catalina.core.AprLifecycleListener - OpenSSL successfully initialized [OpenSSL 1.1.1i  8 Dec 2020]
2021-03-05 20:37:08.344 [main] INFO  o.a.c.core.ContainerBase.[Tomcat].[localhost].[/] - Initializing Spring embedded WebApplicationContext
2021-03-05 20:37:08.345 [main] INFO  o.s.b.w.s.c.ServletWebServerApplicationContext - Root WebApplicationContext: initialization completed in 929 ms
2021-03-05 20:37:08.467 [main] INFO  com.zaxxer.hikari.HikariDataSource - HikariPool-1 - Starting...
2021-03-05 20:37:08.855 [main] INFO  com.zaxxer.hikari.HikariDataSource - HikariPool-1 - Start completed.
2021-03-05 20:37:09.150 [main] INFO  s.d.s.w.PropertySourcedRequestMappingHandlerMapping - Mapped URL path [/v2/api-docs] onto method [springfox.documentation.swagger2.web.Swagger2Controller#getDocumentation(String, HttpServletRequest)]
2021-03-05 20:37:09.205 [main] INFO  o.s.scheduling.concurrent.ThreadPoolTaskExecutor - Initializing ExecutorService 'applicationTaskExecutor'
2021-03-05 20:37:09.511 [main] INFO  org.apache.coyote.http11.Http11NioProtocol - Starting ProtocolHandler ["http-nio-8001"]
2021-03-05 20:37:09.522 [main] INFO  o.s.boot.web.embedded.tomcat.TomcatWebServer - Tomcat started on port(s): 8001 (http) with context path ''
2021-03-05 20:37:09.523 [main] INFO  s.d.s.web.plugins.DocumentationPluginsBootstrapper - Context refreshed
2021-03-05 20:37:09.533 [main] INFO  s.d.s.web.plugins.DocumentationPluginsBootstrapper - Found 1 custom documentation plugin(s)
2021-03-05 20:37:09.555 [main] INFO  s.d.spring.web.scanners.ApiListingReferenceScanner - Scanning for api listing references
2021-03-05 20:37:09.660 [main] INFO  io.github.axiuf.eduservice.EduApplication - Started EduApplication in 2.607 seconds (JVM running for 3.091)
2021-03-05 22:52:18.725 [main] INFO  io.github.axiuf.eduservice.EduApplication - Starting EduApplication using Java 1.8.0_281 on DESKTOP-TV47HNP with PID 10416 (C:\Users\axiuf\Desktop\learn_java\Project_Online_Education\yixue_parent\service\service_edu\target\classes started by axiuf in C:\Users\axiuf\Desktop\learn_java\Project_Online_Education\yixue_parent)
2021-03-05 22:52:18.727 [main] INFO  io.github.axiuf.eduservice.EduApplication - The following profiles are active: dev
2021-03-05 22:52:19.326 [main] INFO  o.s.d.r.config.RepositoryConfigurationDelegate - Multiple Spring Data modules found, entering strict repository configuration mode!
2021-03-05 22:52:19.327 [main] INFO  o.s.d.r.config.RepositoryConfigurationDelegate - Bootstrapping Spring Data Redis repositories in DEFAULT mode.
2021-03-05 22:52:19.342 [main] INFO  o.s.d.r.config.RepositoryConfigurationDelegate - Finished Spring Data repository scanning in 6 ms. Found 0 Redis repository interfaces.
2021-03-05 22:52:19.671 [main] INFO  o.s.boot.web.embedded.tomcat.TomcatWebServer - Tomcat initialized with port(s): 8001 (http)
2021-03-05 22:52:19.678 [main] INFO  org.apache.coyote.http11.Http11NioProtocol - Initializing ProtocolHandler ["http-nio-8001"]
2021-03-05 22:52:19.678 [main] INFO  org.apache.catalina.core.StandardService - Starting service [Tomcat]
2021-03-05 22:52:19.679 [main] INFO  org.apache.catalina.core.StandardEngine - Starting Servlet engine: [Apache Tomcat/9.0.43]
2021-03-05 22:52:19.680 [main] INFO  org.apache.catalina.core.AprLifecycleListener - Loaded Apache Tomcat Native library [1.2.26] using APR version [1.7.0].
2021-03-05 22:52:19.680 [main] INFO  org.apache.catalina.core.AprLifecycleListener - APR capabilities: IPv6 [true], sendfile [true], accept filters [false], random [true].
2021-03-05 22:52:19.680 [main] INFO  org.apache.catalina.core.AprLifecycleListener - APR/OpenSSL configuration: useAprConnector [false], useOpenSSL [true]
2021-03-05 22:52:19.683 [main] INFO  org.apache.catalina.core.AprLifecycleListener - OpenSSL successfully initialized [OpenSSL 1.1.1i  8 Dec 2020]
2021-03-05 22:52:19.742 [main] INFO  o.a.c.core.ContainerBase.[Tomcat].[localhost].[/] - Initializing Spring embedded WebApplicationContext
2021-03-05 22:52:19.742 [main] INFO  o.s.b.w.s.c.ServletWebServerApplicationContext - Root WebApplicationContext: initialization completed in 977 ms
2021-03-05 22:52:19.777 [main] INFO  o.s.b.f.a.AutowiredAnnotationBeanPostProcessor - Autowired annotation should only be used on methods with parameters: public io.github.axiuf.eduservice.service.EduSubjectService io.github.axiuf.eduservice.controller.EduSubjectController.getEduSubjectService()
2021-03-05 22:52:19.869 [main] INFO  com.zaxxer.hikari.HikariDataSource - HikariPool-1 - Starting...
2021-03-05 22:52:20.274 [main] INFO  com.zaxxer.hikari.HikariDataSource - HikariPool-1 - Start completed.
2021-03-05 22:52:20.633 [main] INFO  s.d.s.w.PropertySourcedRequestMappingHandlerMapping - Mapped URL path [/v2/api-docs] onto method [springfox.documentation.swagger2.web.Swagger2Controller#getDocumentation(String, HttpServletRequest)]
2021-03-05 22:52:20.709 [main] INFO  o.s.scheduling.concurrent.ThreadPoolTaskExecutor - Initializing ExecutorService 'applicationTaskExecutor'
2021-03-05 22:52:21.036 [main] INFO  org.apache.coyote.http11.Http11NioProtocol - Starting ProtocolHandler ["http-nio-8001"]
2021-03-05 22:52:21.047 [main] INFO  o.s.boot.web.embedded.tomcat.TomcatWebServer - Tomcat started on port(s): 8001 (http) with context path ''
2021-03-05 22:52:21.047 [main] INFO  s.d.s.web.plugins.DocumentationPluginsBootstrapper - Context refreshed
2021-03-05 22:52:21.058 [main] INFO  s.d.s.web.plugins.DocumentationPluginsBootstrapper - Found 1 custom documentation plugin(s)
2021-03-05 22:52:21.080 [main] INFO  s.d.spring.web.scanners.ApiListingReferenceScanner - Scanning for api listing references
2021-03-05 22:52:21.187 [main] INFO  io.github.axiuf.eduservice.EduApplication - Started EduApplication in 2.796 seconds (JVM running for 3.308)
2021-03-05 22:53:13.603 [http-nio-8001-exec-1] INFO  o.a.c.core.ContainerBase.[Tomcat].[localhost].[/] - Initializing Spring DispatcherServlet 'dispatcherServlet'
2021-03-05 22:53:13.603 [http-nio-8001-exec-1] INFO  org.springframework.web.servlet.DispatcherServlet - Initializing Servlet 'dispatcherServlet'
2021-03-05 22:53:13.604 [http-nio-8001-exec-1] INFO  org.springframework.web.servlet.DispatcherServlet - Completed initialization in 1 ms
2021-03-05 23:03:02.072 [main] INFO  io.github.axiuf.eduservice.EduApplication - Starting EduApplication using Java 1.8.0_281 on DESKTOP-TV47HNP with PID 21160 (C:\Users\axiuf\Desktop\learn_java\Project_Online_Education\yixue_parent\service\service_edu\target\classes started by axiuf in C:\Users\axiuf\Desktop\learn_java\Project_Online_Education\yixue_parent)
2021-03-05 23:03:02.074 [main] INFO  io.github.axiuf.eduservice.EduApplication - The following profiles are active: dev
2021-03-05 23:03:02.617 [main] INFO  o.s.d.r.config.RepositoryConfigurationDelegate - Multiple Spring Data modules found, entering strict repository configuration mode!
2021-03-05 23:03:02.618 [main] INFO  o.s.d.r.config.RepositoryConfigurationDelegate - Bootstrapping Spring Data Redis repositories in DEFAULT mode.
2021-03-05 23:03:02.634 [main] INFO  o.s.d.r.config.RepositoryConfigurationDelegate - Finished Spring Data repository scanning in 7 ms. Found 0 Redis repository interfaces.
2021-03-05 23:03:02.936 [main] INFO  o.s.boot.web.embedded.tomcat.TomcatWebServer - Tomcat initialized with port(s): 8001 (http)
2021-03-05 23:03:02.942 [main] INFO  org.apache.coyote.http11.Http11NioProtocol - Initializing ProtocolHandler ["http-nio-8001"]
2021-03-05 23:03:02.943 [main] INFO  org.apache.catalina.core.StandardService - Starting service [Tomcat]
2021-03-05 23:03:02.943 [main] INFO  org.apache.catalina.core.StandardEngine - Starting Servlet engine: [Apache Tomcat/9.0.43]
2021-03-05 23:03:02.944 [main] INFO  org.apache.catalina.core.AprLifecycleListener - Loaded Apache Tomcat Native library [1.2.26] using APR version [1.7.0].
2021-03-05 23:03:02.944 [main] INFO  org.apache.catalina.core.AprLifecycleListener - APR capabilities: IPv6 [true], sendfile [true], accept filters [false], random [true].
2021-03-05 23:03:02.944 [main] INFO  org.apache.catalina.core.AprLifecycleListener - APR/OpenSSL configuration: useAprConnector [false], useOpenSSL [true]
2021-03-05 23:03:02.946 [main] INFO  org.apache.catalina.core.AprLifecycleListener - OpenSSL successfully initialized [OpenSSL 1.1.1i  8 Dec 2020]
2021-03-05 23:03:03.004 [main] INFO  o.a.c.core.ContainerBase.[Tomcat].[localhost].[/] - Initializing Spring embedded WebApplicationContext
2021-03-05 23:03:03.004 [main] INFO  o.s.b.w.s.c.ServletWebServerApplicationContext - Root WebApplicationContext: initialization completed in 899 ms
2021-03-05 23:03:03.038 [main] INFO  o.s.b.f.a.AutowiredAnnotationBeanPostProcessor - Autowired annotation should only be used on methods with parameters: public io.github.axiuf.eduservice.service.EduSubjectService io.github.axiuf.eduservice.controller.EduSubjectController.getEduSubjectService()
2021-03-05 23:03:03.126 [main] INFO  com.zaxxer.hikari.HikariDataSource - HikariPool-1 - Starting...
2021-03-05 23:03:03.479 [main] INFO  com.zaxxer.hikari.HikariDataSource - HikariPool-1 - Start completed.
2021-03-05 23:03:03.784 [main] INFO  s.d.s.w.PropertySourcedRequestMappingHandlerMapping - Mapped URL path [/v2/api-docs] onto method [springfox.documentation.swagger2.web.Swagger2Controller#getDocumentation(String, HttpServletRequest)]
2021-03-05 23:03:03.839 [main] INFO  o.s.scheduling.concurrent.ThreadPoolTaskExecutor - Initializing ExecutorService 'applicationTaskExecutor'
2021-03-05 23:03:04.142 [main] INFO  org.apache.coyote.http11.Http11NioProtocol - Starting ProtocolHandler ["http-nio-8001"]
2021-03-05 23:03:04.153 [main] INFO  o.s.boot.web.embedded.tomcat.TomcatWebServer - Tomcat started on port(s): 8001 (http) with context path ''
2021-03-05 23:03:04.154 [main] INFO  s.d.s.web.plugins.DocumentationPluginsBootstrapper - Context refreshed
2021-03-05 23:03:04.164 [main] INFO  s.d.s.web.plugins.DocumentationPluginsBootstrapper - Found 1 custom documentation plugin(s)
2021-03-05 23:03:04.186 [main] INFO  s.d.spring.web.scanners.ApiListingReferenceScanner - Scanning for api listing references
2021-03-05 23:03:04.290 [main] INFO  io.github.axiuf.eduservice.EduApplication - Started EduApplication in 2.531 seconds (JVM running for 3.008)
2021-03-05 23:09:39.957 [http-nio-8001-exec-1] INFO  o.a.c.core.ContainerBase.[Tomcat].[localhost].[/] - Initializing Spring DispatcherServlet 'dispatcherServlet'
2021-03-05 23:09:39.957 [http-nio-8001-exec-1] INFO  org.springframework.web.servlet.DispatcherServlet - Initializing Servlet 'dispatcherServlet'
2021-03-05 23:09:39.958 [http-nio-8001-exec-1] INFO  org.springframework.web.servlet.DispatcherServlet - Completed initialization in 1 ms
2021-03-05 23:11:52.543 [main] INFO  io.github.axiuf.eduservice.EduApplication - Starting EduApplication using Java 1.8.0_281 on DESKTOP-TV47HNP with PID 2636 (C:\Users\axiuf\Desktop\learn_java\Project_Online_Education\yixue_parent\service\service_edu\target\classes started by axiuf in C:\Users\axiuf\Desktop\learn_java\Project_Online_Education\yixue_parent)
2021-03-05 23:11:52.545 [main] INFO  io.github.axiuf.eduservice.EduApplication - The following profiles are active: dev
2021-03-05 23:11:53.124 [main] INFO  o.s.d.r.config.RepositoryConfigurationDelegate - Multiple Spring Data modules found, entering strict repository configuration mode!
2021-03-05 23:11:53.126 [main] INFO  o.s.d.r.config.RepositoryConfigurationDelegate - Bootstrapping Spring Data Redis repositories in DEFAULT mode.
2021-03-05 23:11:53.142 [main] INFO  o.s.d.r.config.RepositoryConfigurationDelegate - Finished Spring Data repository scanning in 7 ms. Found 0 Redis repository interfaces.
2021-03-05 23:11:53.483 [main] INFO  o.s.boot.web.embedded.tomcat.TomcatWebServer - Tomcat initialized with port(s): 8001 (http)
2021-03-05 23:11:53.490 [main] INFO  org.apache.coyote.http11.Http11NioProtocol - Initializing ProtocolHandler ["http-nio-8001"]
2021-03-05 23:11:53.491 [main] INFO  org.apache.catalina.core.StandardService - Starting service [Tomcat]
2021-03-05 23:11:53.491 [main] INFO  org.apache.catalina.core.StandardEngine - Starting Servlet engine: [Apache Tomcat/9.0.43]
2021-03-05 23:11:53.492 [main] INFO  org.apache.catalina.core.AprLifecycleListener - Loaded Apache Tomcat Native library [1.2.26] using APR version [1.7.0].
2021-03-05 23:11:53.493 [main] INFO  org.apache.catalina.core.AprLifecycleListener - APR capabilities: IPv6 [true], sendfile [true], accept filters [false], random [true].
2021-03-05 23:11:53.493 [main] INFO  org.apache.catalina.core.AprLifecycleListener - APR/OpenSSL configuration: useAprConnector [false], useOpenSSL [true]
2021-03-05 23:11:53.495 [main] INFO  org.apache.catalina.core.AprLifecycleListener - OpenSSL successfully initialized [OpenSSL 1.1.1i  8 Dec 2020]
2021-03-05 23:11:53.556 [main] INFO  o.a.c.core.ContainerBase.[Tomcat].[localhost].[/] - Initializing Spring embedded WebApplicationContext
2021-03-05 23:11:53.556 [main] INFO  o.s.b.w.s.c.ServletWebServerApplicationContext - Root WebApplicationContext: initialization completed in 979 ms
2021-03-05 23:11:53.616 [main] INFO  o.s.b.f.a.AutowiredAnnotationBeanPostProcessor - Autowired annotation should only be used on methods with parameters: public io.github.axiuf.eduservice.service.EduSubjectService io.github.axiuf.eduservice.controller.EduSubjectController.getEduSubjectService()
2021-03-05 23:11:53.728 [main] INFO  com.zaxxer.hikari.HikariDataSource - HikariPool-1 - Starting...
2021-03-05 23:11:54.109 [main] INFO  com.zaxxer.hikari.HikariDataSource - HikariPool-1 - Start completed.
2021-03-05 23:11:54.451 [main] INFO  s.d.s.w.PropertySourcedRequestMappingHandlerMapping - Mapped URL path [/v2/api-docs] onto method [springfox.documentation.swagger2.web.Swagger2Controller#getDocumentation(String, HttpServletRequest)]
2021-03-05 23:11:54.517 [main] INFO  o.s.scheduling.concurrent.ThreadPoolTaskExecutor - Initializing ExecutorService 'applicationTaskExecutor'
2021-03-05 23:11:54.875 [main] INFO  org.apache.coyote.http11.Http11NioProtocol - Starting ProtocolHandler ["http-nio-8001"]
2021-03-05 23:11:54.887 [main] INFO  o.s.boot.web.embedded.tomcat.TomcatWebServer - Tomcat started on port(s): 8001 (http) with context path ''
2021-03-05 23:11:54.888 [main] INFO  s.d.s.web.plugins.DocumentationPluginsBootstrapper - Context refreshed
2021-03-05 23:11:54.899 [main] INFO  s.d.s.web.plugins.DocumentationPluginsBootstrapper - Found 1 custom documentation plugin(s)
2021-03-05 23:11:54.925 [main] INFO  s.d.spring.web.scanners.ApiListingReferenceScanner - Scanning for api listing references
2021-03-05 23:11:55.040 [main] INFO  io.github.axiuf.eduservice.EduApplication - Started EduApplication in 2.835 seconds (JVM running for 3.9)
2021-03-05 23:11:57.882 [http-nio-8001-exec-1] INFO  o.a.c.core.ContainerBase.[Tomcat].[localhost].[/] - Initializing Spring DispatcherServlet 'dispatcherServlet'
2021-03-05 23:11:57.882 [http-nio-8001-exec-1] INFO  org.springframework.web.servlet.DispatcherServlet - Initializing Servlet 'dispatcherServlet'
2021-03-05 23:11:57.883 [http-nio-8001-exec-1] INFO  org.springframework.web.servlet.DispatcherServlet - Completed initialization in 1 ms
2021-03-05 23:13:56.049 [SpringContextShutdownHook] INFO  o.s.scheduling.concurrent.ThreadPoolTaskExecutor - Shutting down ExecutorService 'applicationTaskExecutor'
2021-03-05 23:13:56.051 [SpringContextShutdownHook] INFO  com.zaxxer.hikari.HikariDataSource - HikariPool-1 - Shutdown initiated...
2021-03-05 23:13:56.055 [SpringContextShutdownHook] INFO  com.zaxxer.hikari.HikariDataSource - HikariPool-1 - Shutdown completed.
2021-03-05 23:13:58.526 [main] INFO  io.github.axiuf.eduservice.EduApplication - Starting EduApplication using Java 1.8.0_281 on DESKTOP-TV47HNP with PID 24872 (C:\Users\axiuf\Desktop\learn_java\Project_Online_Education\yixue_parent\service\service_edu\target\classes started by axiuf in C:\Users\axiuf\Desktop\learn_java\Project_Online_Education\yixue_parent)
2021-03-05 23:13:58.529 [main] INFO  io.github.axiuf.eduservice.EduApplication - The following profiles are active: dev
2021-03-05 23:13:59.187 [main] INFO  o.s.d.r.config.RepositoryConfigurationDelegate - Multiple Spring Data modules found, entering strict repository configuration mode!
2021-03-05 23:13:59.188 [main] INFO  o.s.d.r.config.RepositoryConfigurationDelegate - Bootstrapping Spring Data Redis repositories in DEFAULT mode.
2021-03-05 23:13:59.205 [main] INFO  o.s.d.r.config.RepositoryConfigurationDelegate - Finished Spring Data repository scanning in 7 ms. Found 0 Redis repository interfaces.
2021-03-05 23:13:59.582 [main] INFO  o.s.boot.web.embedded.tomcat.TomcatWebServer - Tomcat initialized with port(s): 8001 (http)
2021-03-05 23:13:59.589 [main] INFO  org.apache.coyote.http11.Http11NioProtocol - Initializing ProtocolHandler ["http-nio-8001"]
2021-03-05 23:13:59.590 [main] INFO  org.apache.catalina.core.StandardService - Starting service [Tomcat]
2021-03-05 23:13:59.590 [main] INFO  org.apache.catalina.core.StandardEngine - Starting Servlet engine: [Apache Tomcat/9.0.43]
2021-03-05 23:13:59.591 [main] INFO  org.apache.catalina.core.AprLifecycleListener - Loaded Apache Tomcat Native library [1.2.26] using APR version [1.7.0].
2021-03-05 23:13:59.592 [main] INFO  org.apache.catalina.core.AprLifecycleListener - APR capabilities: IPv6 [true], sendfile [true], accept filters [false], random [true].
2021-03-05 23:13:59.592 [main] INFO  org.apache.catalina.core.AprLifecycleListener - APR/OpenSSL configuration: useAprConnector [false], useOpenSSL [true]
2021-03-05 23:13:59.594 [main] INFO  org.apache.catalina.core.AprLifecycleListener - OpenSSL successfully initialized [OpenSSL 1.1.1i  8 Dec 2020]
2021-03-05 23:13:59.656 [main] INFO  o.a.c.core.ContainerBase.[Tomcat].[localhost].[/] - Initializing Spring embedded WebApplicationContext
2021-03-05 23:13:59.657 [main] INFO  o.s.b.w.s.c.ServletWebServerApplicationContext - Root WebApplicationContext: initialization completed in 1096 ms
2021-03-05 23:13:59.698 [main] INFO  o.s.b.f.a.AutowiredAnnotationBeanPostProcessor - Autowired annotation should only be used on methods with parameters: public io.github.axiuf.eduservice.service.EduSubjectService io.github.axiuf.eduservice.controller.EduSubjectController.getEduSubjectService()
2021-03-05 23:13:59.800 [main] INFO  com.zaxxer.hikari.HikariDataSource - HikariPool-1 - Starting...
2021-03-05 23:14:00.180 [main] INFO  com.zaxxer.hikari.HikariDataSource - HikariPool-1 - Start completed.
2021-03-05 23:14:00.522 [main] INFO  s.d.s.w.PropertySourcedRequestMappingHandlerMapping - Mapped URL path [/v2/api-docs] onto method [springfox.documentation.swagger2.web.Swagger2Controller#getDocumentation(String, HttpServletRequest)]
2021-03-05 23:14:00.587 [main] INFO  o.s.scheduling.concurrent.ThreadPoolTaskExecutor - Initializing ExecutorService 'applicationTaskExecutor'
2021-03-05 23:14:00.924 [main] INFO  org.apache.coyote.http11.Http11NioProtocol - Starting ProtocolHandler ["http-nio-8001"]
2021-03-05 23:14:00.936 [main] INFO  o.s.boot.web.embedded.tomcat.TomcatWebServer - Tomcat started on port(s): 8001 (http) with context path ''
2021-03-05 23:14:00.937 [main] INFO  s.d.s.web.plugins.DocumentationPluginsBootstrapper - Context refreshed
2021-03-05 23:14:00.948 [main] INFO  s.d.s.web.plugins.DocumentationPluginsBootstrapper - Found 1 custom documentation plugin(s)
2021-03-05 23:14:00.974 [main] INFO  s.d.spring.web.scanners.ApiListingReferenceScanner - Scanning for api listing references
2021-03-05 23:14:01.088 [main] INFO  io.github.axiuf.eduservice.EduApplication - Started EduApplication in 2.971 seconds (JVM running for 3.576)
2021-03-05 23:14:02.383 [http-nio-8001-exec-1] INFO  o.a.c.core.ContainerBase.[Tomcat].[localhost].[/] - Initializing Spring DispatcherServlet 'dispatcherServlet'
2021-03-05 23:14:02.384 [http-nio-8001-exec-1] INFO  org.springframework.web.servlet.DispatcherServlet - Initializing Servlet 'dispatcherServlet'
2021-03-05 23:14:02.384 [http-nio-8001-exec-1] INFO  org.springframework.web.servlet.DispatcherServlet - Completed initialization in 0 ms
2021-03-05 23:15:41.135 [SpringContextShutdownHook] INFO  o.s.scheduling.concurrent.ThreadPoolTaskExecutor - Shutting down ExecutorService 'applicationTaskExecutor'
2021-03-05 23:15:41.137 [SpringContextShutdownHook] INFO  com.zaxxer.hikari.HikariDataSource - HikariPool-1 - Shutdown initiated...
2021-03-05 23:15:41.140 [SpringContextShutdownHook] INFO  com.zaxxer.hikari.HikariDataSource - HikariPool-1 - Shutdown completed.
2021-03-05 23:15:43.512 [main] INFO  io.github.axiuf.eduservice.EduApplication - Starting EduApplication using Java 1.8.0_281 on DESKTOP-TV47HNP with PID 2552 (C:\Users\axiuf\Desktop\learn_java\Project_Online_Education\yixue_parent\service\service_edu\target\classes started by axiuf in C:\Users\axiuf\Desktop\learn_java\Project_Online_Education\yixue_parent)
2021-03-05 23:15:43.520 [main] INFO  io.github.axiuf.eduservice.EduApplication - The following profiles are active: dev
2021-03-05 23:15:44.112 [main] INFO  o.s.d.r.config.RepositoryConfigurationDelegate - Multiple Spring Data modules found, entering strict repository configuration mode!
2021-03-05 23:15:44.114 [main] INFO  o.s.d.r.config.RepositoryConfigurationDelegate - Bootstrapping Spring Data Redis repositories in DEFAULT mode.
2021-03-05 23:15:44.131 [main] INFO  o.s.d.r.config.RepositoryConfigurationDelegate - Finished Spring Data repository scanning in 7 ms. Found 0 Redis repository interfaces.
2021-03-05 23:15:44.478 [main] INFO  o.s.boot.web.embedded.tomcat.TomcatWebServer - Tomcat initialized with port(s): 8001 (http)
2021-03-05 23:15:44.485 [main] INFO  org.apache.coyote.http11.Http11NioProtocol - Initializing ProtocolHandler ["http-nio-8001"]
2021-03-05 23:15:44.485 [main] INFO  org.apache.catalina.core.StandardService - Starting service [Tomcat]
2021-03-05 23:15:44.486 [main] INFO  org.apache.catalina.core.StandardEngine - Starting Servlet engine: [Apache Tomcat/9.0.43]
2021-03-05 23:15:44.487 [main] INFO  org.apache.catalina.core.AprLifecycleListener - Loaded Apache Tomcat Native library [1.2.26] using APR version [1.7.0].
2021-03-05 23:15:44.487 [main] INFO  org.apache.catalina.core.AprLifecycleListener - APR capabilities: IPv6 [true], sendfile [true], accept filters [false], random [true].
2021-03-05 23:15:44.487 [main] INFO  org.apache.catalina.core.AprLifecycleListener - APR/OpenSSL configuration: useAprConnector [false], useOpenSSL [true]
2021-03-05 23:15:44.489 [main] INFO  org.apache.catalina.core.AprLifecycleListener - OpenSSL successfully initialized [OpenSSL 1.1.1i  8 Dec 2020]
2021-03-05 23:15:44.552 [main] INFO  o.a.c.core.ContainerBase.[Tomcat].[localhost].[/] - Initializing Spring embedded WebApplicationContext
2021-03-05 23:15:44.552 [main] INFO  o.s.b.w.s.c.ServletWebServerApplicationContext - Root WebApplicationContext: initialization completed in 1000 ms
2021-03-05 23:15:44.593 [main] INFO  o.s.b.f.a.AutowiredAnnotationBeanPostProcessor - Autowired annotation should only be used on methods with parameters: public io.github.axiuf.eduservice.service.EduSubjectService io.github.axiuf.eduservice.controller.EduSubjectController.getEduSubjectService()
2021-03-05 23:15:44.697 [main] INFO  com.zaxxer.hikari.HikariDataSource - HikariPool-1 - Starting...
2021-03-05 23:15:45.079 [main] INFO  com.zaxxer.hikari.HikariDataSource - HikariPool-1 - Start completed.
2021-03-05 23:15:45.423 [main] INFO  s.d.s.w.PropertySourcedRequestMappingHandlerMapping - Mapped URL path [/v2/api-docs] onto method [springfox.documentation.swagger2.web.Swagger2Controller#getDocumentation(String, HttpServletRequest)]
2021-03-05 23:15:45.488 [main] INFO  o.s.scheduling.concurrent.ThreadPoolTaskExecutor - Initializing ExecutorService 'applicationTaskExecutor'
2021-03-05 23:15:45.838 [main] INFO  org.apache.coyote.http11.Http11NioProtocol - Starting ProtocolHandler ["http-nio-8001"]
2021-03-05 23:15:45.850 [main] INFO  o.s.boot.web.embedded.tomcat.TomcatWebServer - Tomcat started on port(s): 8001 (http) with context path ''
2021-03-05 23:15:45.851 [main] INFO  s.d.s.web.plugins.DocumentationPluginsBootstrapper - Context refreshed
2021-03-05 23:15:45.863 [main] INFO  s.d.s.web.plugins.DocumentationPluginsBootstrapper - Found 1 custom documentation plugin(s)
2021-03-05 23:15:45.889 [main] INFO  s.d.spring.web.scanners.ApiListingReferenceScanner - Scanning for api listing references
2021-03-05 23:15:46.004 [main] INFO  io.github.axiuf.eduservice.EduApplication - Started EduApplication in 2.863 seconds (JVM running for 3.454)
2021-03-05 23:15:48.422 [http-nio-8001-exec-1] INFO  o.a.c.core.ContainerBase.[Tomcat].[localhost].[/] - Initializing Spring DispatcherServlet 'dispatcherServlet'
2021-03-05 23:15:48.422 [http-nio-8001-exec-1] INFO  org.springframework.web.servlet.DispatcherServlet - Initializing Servlet 'dispatcherServlet'
2021-03-05 23:15:48.423 [http-nio-8001-exec-1] INFO  org.springframework.web.servlet.DispatcherServlet - Completed initialization in 1 ms
2021-03-05 23:17:55.396 [SpringContextShutdownHook] INFO  o.s.scheduling.concurrent.ThreadPoolTaskExecutor - Shutting down ExecutorService 'applicationTaskExecutor'
2021-03-05 23:17:55.398 [SpringContextShutdownHook] INFO  com.zaxxer.hikari.HikariDataSource - HikariPool-1 - Shutdown initiated...
2021-03-05 23:17:55.401 [SpringContextShutdownHook] INFO  com.zaxxer.hikari.HikariDataSource - HikariPool-1 - Shutdown completed.
2021-03-05 23:17:58.622 [main] INFO  io.github.axiuf.eduservice.EduApplication - Starting EduApplication using Java 1.8.0_281 on DESKTOP-TV47HNP with PID 2472 (C:\Users\axiuf\Desktop\learn_java\Project_Online_Education\yixue_parent\service\service_edu\target\classes started by axiuf in C:\Users\axiuf\Desktop\learn_java\Project_Online_Education\yixue_parent)
2021-03-05 23:17:58.624 [main] INFO  io.github.axiuf.eduservice.EduApplication - The following profiles are active: dev
2021-03-05 23:17:59.169 [main] INFO  o.s.d.r.config.RepositoryConfigurationDelegate - Multiple Spring Data modules found, entering strict repository configuration mode!
2021-03-05 23:17:59.171 [main] INFO  o.s.d.r.config.RepositoryConfigurationDelegate - Bootstrapping Spring Data Redis repositories in DEFAULT mode.
2021-03-05 23:17:59.186 [main] INFO  o.s.d.r.config.RepositoryConfigurationDelegate - Finished Spring Data repository scanning in 7 ms. Found 0 Redis repository interfaces.
2021-03-05 23:17:59.487 [main] INFO  o.s.boot.web.embedded.tomcat.TomcatWebServer - Tomcat initialized with port(s): 8001 (http)
2021-03-05 23:17:59.493 [main] INFO  org.apache.coyote.http11.Http11NioProtocol - Initializing ProtocolHandler ["http-nio-8001"]
2021-03-05 23:17:59.494 [main] INFO  org.apache.catalina.core.StandardService - Starting service [Tomcat]
2021-03-05 23:17:59.494 [main] INFO  org.apache.catalina.core.StandardEngine - Starting Servlet engine: [Apache Tomcat/9.0.43]
2021-03-05 23:17:59.495 [main] INFO  org.apache.catalina.core.AprLifecycleListener - Loaded Apache Tomcat Native library [1.2.26] using APR version [1.7.0].
2021-03-05 23:17:59.495 [main] INFO  org.apache.catalina.core.AprLifecycleListener - APR capabilities: IPv6 [true], sendfile [true], accept filters [false], random [true].
2021-03-05 23:17:59.495 [main] INFO  org.apache.catalina.core.AprLifecycleListener - APR/OpenSSL configuration: useAprConnector [false], useOpenSSL [true]
2021-03-05 23:17:59.497 [main] INFO  org.apache.catalina.core.AprLifecycleListener - OpenSSL successfully initialized [OpenSSL 1.1.1i  8 Dec 2020]
2021-03-05 23:17:59.555 [main] INFO  o.a.c.core.ContainerBase.[Tomcat].[localhost].[/] - Initializing Spring embedded WebApplicationContext
2021-03-05 23:17:59.555 [main] INFO  o.s.b.w.s.c.ServletWebServerApplicationContext - Root WebApplicationContext: initialization completed in 902 ms
2021-03-05 23:17:59.675 [main] INFO  com.zaxxer.hikari.HikariDataSource - HikariPool-1 - Starting...
2021-03-05 23:18:00.026 [main] INFO  com.zaxxer.hikari.HikariDataSource - HikariPool-1 - Start completed.
2021-03-05 23:18:00.327 [main] INFO  s.d.s.w.PropertySourcedRequestMappingHandlerMapping - Mapped URL path [/v2/api-docs] onto method [springfox.documentation.swagger2.web.Swagger2Controller#getDocumentation(String, HttpServletRequest)]
2021-03-05 23:18:00.380 [main] INFO  o.s.scheduling.concurrent.ThreadPoolTaskExecutor - Initializing ExecutorService 'applicationTaskExecutor'
2021-03-05 23:18:00.679 [main] INFO  org.apache.coyote.http11.Http11NioProtocol - Starting ProtocolHandler ["http-nio-8001"]
2021-03-05 23:18:00.690 [main] INFO  o.s.boot.web.embedded.tomcat.TomcatWebServer - Tomcat started on port(s): 8001 (http) with context path ''
2021-03-05 23:18:00.691 [main] INFO  s.d.s.web.plugins.DocumentationPluginsBootstrapper - Context refreshed
2021-03-05 23:18:00.701 [main] INFO  s.d.s.web.plugins.DocumentationPluginsBootstrapper - Found 1 custom documentation plugin(s)
2021-03-05 23:18:00.723 [main] INFO  s.d.spring.web.scanners.ApiListingReferenceScanner - Scanning for api listing references
2021-03-05 23:18:00.825 [main] INFO  io.github.axiuf.eduservice.EduApplication - Started EduApplication in 2.516 seconds (JVM running for 3.0)
2021-03-05 23:18:02.487 [http-nio-8001-exec-1] INFO  o.a.c.core.ContainerBase.[Tomcat].[localhost].[/] - Initializing Spring DispatcherServlet 'dispatcherServlet'
2021-03-05 23:18:02.487 [http-nio-8001-exec-1] INFO  org.springframework.web.servlet.DispatcherServlet - Initializing Servlet 'dispatcherServlet'
2021-03-05 23:18:02.488 [http-nio-8001-exec-1] INFO  org.springframework.web.servlet.DispatcherServlet - Completed initialization in 1 ms
